<?xml version="1.0" encoding="UTF-8"?>
<!-- Generated by org.testng.reporters.JUnitReportReporter -->
<testsuite hostname="NonOpsDev87" failures="0" tests="1" name="GTZTransportation.gtz.LPSCustomer_Carrier_CustomerListTest" time="30.650" errors="0" timestamp="2024-02-11T05:18:30 GMT+05:00" skipped="0">
  <testcase classname="GTZTransportation.gtz.LPSCustomer_Carrier_CustomerListTest" name="CustomerCarriers_CustomerList_tests" time="30.650"/>
  <system-out/>
</testsuite> <!-- GTZTransportation.gtz.LPSCustomer_Carrier_CustomerListTest -->
