<?xml version="1.0" encoding="UTF-8"?>
<!-- Generated by org.testng.reporters.JUnitReportReporter -->
<testsuite hostname="GTZAZRCTXCRA26" failures="0" tests="1" name="GTZTransportation.gtz.CopyBOL_FindRatesTest" time="35.581" errors="0" timestamp="2023-10-13T16:04:43 GMT+05:00" skipped="0">
  <testcase classname="GTZTransportation.gtz.CopyBOL_FindRatesTest" name="FindRates_BOL_Creation_Tests" time="35.581"/>
  <system-out/>
</testsuite> <!-- GTZTransportation.gtz.CopyBOL_FindRatesTest -->
