<?xml version="1.0" encoding="UTF-8"?>
<!-- Generated by org.testng.reporters.JUnitReportReporter -->
<testsuite hostname="NonOpsDev87" failures="0" tests="1" name="GTZTransportation.gtz.VICS_VeiwOrdersTest" time="6.605" errors="0" timestamp="2024-02-26T19:12:02 GMT+05:00" skipped="0">
  <testcase classname="GTZTransportation.gtz.VICS_VeiwOrdersTest" name="VICS_ViewOrders_Tests" time="6.605"/>
  <system-out/>
</testsuite> <!-- GTZTransportation.gtz.VICS_VeiwOrdersTest -->
