<?xml version="1.0" encoding="UTF-8"?>
<!-- Generated by org.testng.reporters.JUnitReportReporter -->
<testsuite hostname="NonOpsDev87" failures="0" tests="1" name="GTZTransportation.gtz.CancelLoad_SpotQuoteTest" time="77.525" errors="0" timestamp="2024-01-26T20:48:01 GMT+05:00" skipped="0">
  <testcase classname="GTZTransportation.gtz.CancelLoad_SpotQuoteTest" name="spotQuote_CancelLoad_Tests" time="77.525"/>
  <system-out/>
</testsuite> <!-- GTZTransportation.gtz.CancelLoad_SpotQuoteTest -->
