<?xml version="1.0" encoding="UTF-8"?>
<!-- Generated by org.testng.reporters.JUnitReportReporter -->
<testsuite hostname="NonOpsDev87" failures="0" tests="1" name="GTZTransportation.gtz.FreightPayment_GTZTest" time="13.245" errors="0" timestamp="2024-02-11T05:18:30 GMT+05:00" skipped="0">
  <testcase classname="GTZTransportation.gtz.FreightPayment_GTZTest" name="FreightPayment_GTZ_tests" time="13.245"/>
  <system-out/>
</testsuite> <!-- GTZTransportation.gtz.FreightPayment_GTZTest -->
