<?xml version="1.0" encoding="UTF-8"?>
<!-- Generated by org.testng.reporters.JUnitReportReporter -->
<testsuite hostname="NonOpsDev87" failures="0" tests="1" name="GTZTransportation.gtz.LPS_GeneralTest" time="31.637" errors="0" timestamp="2024-02-11T05:18:30 GMT+05:00" skipped="0">
  <testcase classname="GTZTransportation.gtz.LPS_GeneralTest" name="LPS_General_Tests" time="31.637"/>
  <system-out/>
</testsuite> <!-- GTZTransportation.gtz.LPS_GeneralTest -->
